[debug] [2026-03-15T05:03:38.792Z] ----------------------------------------------------------------------
[debug] [2026-03-15T05:03:38.800Z] Command:       C:\nvm4w\nodejs\node.exe C:\Users\PC\AppData\Local\npm-cache\_npx\7750544ccf494d8b\node_modules\firebase-tools\lib\bin\firebase.js deploy
[debug] [2026-03-15T05:03:38.801Z] CLI Version:   15.10.0
[debug] [2026-03-15T05:03:38.801Z] Platform:      win32
[debug] [2026-03-15T05:03:38.802Z] Node Version:  v22.13.1
[debug] [2026-03-15T05:03:38.803Z] Time:          Sun Mar 15 2026 07:03:38 GMT+0200 (توقيت شرق أوروبا الرسمي)
[debug] [2026-03-15T05:03:38.804Z] ----------------------------------------------------------------------
[debug] 
[debug] [2026-03-15T05:03:38.810Z] >>> [apiv2][query] GET https://firebase-public.firebaseio.com/cli.json [none]
[debug] [2026-03-15T05:04:48.810Z] > command requires scopes: ["email","openid","https://www.googleapis.com/auth/cloudplatformprojects.readonly","https://www.googleapis.com/auth/firebase","https://www.googleapis.com/auth/cloud-platform"]
[debug] [2026-03-15T05:04:49.066Z] Running auto auth
[debug] [2026-03-15T05:04:49.068Z] [iam] checking project tendering-platform-smart for permissions ["firebase.projects.get","firebasehosting.sites.update"]
[debug] [2026-03-15T05:04:49.070Z] No OAuth tokens found
[debug] [2026-03-15T05:04:49.070Z] >>> [apiv2][query] POST https://cloudresourcemanager.googleapis.com/v1/projects/tendering-platform-smart:testIamPermissions [none]
[debug] [2026-03-15T05:04:49.071Z] >>> [apiv2][(partial)header] POST https://cloudresourcemanager.googleapis.com/v1/projects/tendering-platform-smart:testIamPermissions  x-goog-user-project=tendering-platform-smart
[debug] [2026-03-15T05:04:49.071Z] >>> [apiv2][body] POST https://cloudresourcemanager.googleapis.com/v1/projects/tendering-platform-smart:testIamPermissions {"permissions":["firebase.projects.get","firebasehosting.sites.update"]}
[debug] [2026-03-15T05:04:49.205Z] <<< [apiv2][status] GET https://firebase-public.firebaseio.com/cli.json 200
[debug] [2026-03-15T05:04:49.205Z] <<< [apiv2][body] GET https://firebase-public.firebaseio.com/cli.json {"cloudBuildErrorAfter":1594252800000,"cloudBuildWarnAfter":1590019200000,"defaultNode10After":1594252800000,"minVersion":"3.0.5","node8DeploysDisabledAfter":1613390400000,"node8RuntimeDisabledAfter":1615809600000,"node8WarnAfter":1600128000000}
[debug] [2026-03-15T05:04:49.940Z] <<< [apiv2][status] POST https://cloudresourcemanager.googleapis.com/v1/projects/tendering-platform-smart:testIamPermissions 403
[debug] [2026-03-15T05:04:49.941Z] <<< [apiv2][body] POST https://cloudresourcemanager.googleapis.com/v1/projects/tendering-platform-smart:testIamPermissions {"error":{"code":403,"message":"Caller does not have required permission to use project tendering-platform-smart. Grant the caller the roles/serviceusage.serviceUsageConsumer role, or a custom role with the serviceusage.services.use permission, by visiting https://console.developers.google.com/iam-admin/iam?project=tendering-platform-smart and then retry. Propagation of the new permission may take a few minutes.","status":"PERMISSION_DENIED","details":[{"@type":"type.googleapis.com/google.rpc.ErrorInfo","reason":"USER_PROJECT_DENIED","domain":"googleapis.com","metadata":{"consoleUrl":"https://console.developers.google.com/iam-admin/iam?project=tendering-platform-smart","containerInfo":"tendering-platform-smart","service":"cloudresourcemanager.googleapis.com","consumer":"projects/tendering-platform-smart"}},{"@type":"type.googleapis.com/google.rpc.LocalizedMessage","locale":"en-US","message":"Caller does not have required permission to use project tendering-platform-smart. Grant the caller the roles/serviceusage.serviceUsageConsumer role, or a custom role with the serviceusage.services.use permission, by visiting https://console.developers.google.com/iam-admin/iam?project=tendering-platform-smart and then retry. Propagation of the new permission may take a few minutes."},{"@type":"type.googleapis.com/google.rpc.Help","links":[{"description":"Google developer console IAM admin","url":"https://console.developers.google.com/iam-admin/iam?project=tendering-platform-smart"}]}]}}
[debug] [2026-03-15T05:04:49.945Z] [iam] error while checking permissions, command may fail: Request to https://cloudresourcemanager.googleapis.com/v1/projects/tendering-platform-smart:testIamPermissions had HTTP Error: 403, Caller does not have required permission to use project tendering-platform-smart. Grant the caller the roles/serviceusage.serviceUsageConsumer role, or a custom role with the serviceusage.services.use permission, by visiting https://console.developers.google.com/iam-admin/iam?project=tendering-platform-smart and then retry. Propagation of the new permission may take a few minutes.
[debug] [2026-03-15T05:04:49.948Z] No OAuth tokens found
[debug] [2026-03-15T05:04:49.949Z] >>> [apiv2][query] GET https://firebase.googleapis.com/v1beta1/projects/tendering-platform-smart [none]
[debug] [2026-03-15T05:04:50.167Z] <<< [apiv2][status] GET https://firebase.googleapis.com/v1beta1/projects/tendering-platform-smart 403
[debug] [2026-03-15T05:04:50.167Z] <<< [apiv2][body] GET https://firebase.googleapis.com/v1beta1/projects/tendering-platform-smart {"error":{"code":403,"message":"Firebase Management API has not been used in project 457924581846 before or it is disabled. Enable it by visiting https://console.developers.google.com/apis/api/firebase.googleapis.com/overview?project=457924581846 then retry. If you enabled this API recently, wait a few minutes for the action to propagate to our systems and retry.","status":"PERMISSION_DENIED","details":[{"@type":"type.googleapis.com/google.rpc.ErrorInfo","reason":"SERVICE_DISABLED","domain":"googleapis.com","metadata":{"activationUrl":"https://console.developers.google.com/apis/api/firebase.googleapis.com/overview?project=457924581846","containerInfo":"457924581846","consumer":"projects/457924581846","serviceTitle":"Firebase Management API","service":"firebase.googleapis.com"}},{"@type":"type.googleapis.com/google.rpc.LocalizedMessage","locale":"en-US","message":"Firebase Management API has not been used in project 457924581846 before or it is disabled. Enable it by visiting https://console.developers.google.com/apis/api/firebase.googleapis.com/overview?project=457924581846 then retry. If you enabled this API recently, wait a few minutes for the action to propagate to our systems and retry."},{"@type":"type.googleapis.com/google.rpc.Help","links":[{"description":"Google developers console API activation","url":"https://console.developers.google.com/apis/api/firebase.googleapis.com/overview?project=457924581846"}]}]}}
[debug] [2026-03-15T05:04:50.168Z] Request to https://firebase.googleapis.com/v1beta1/projects/tendering-platform-smart had HTTP Error: 403, Firebase Management API has not been used in project 457924581846 before or it is disabled. Enable it by visiting https://console.developers.google.com/apis/api/firebase.googleapis.com/overview?project=457924581846 then retry. If you enabled this API recently, wait a few minutes for the action to propagate to our systems and retry.
[debug] [2026-03-15T05:04:50.171Z] FirebaseError: Request to https://firebase.googleapis.com/v1beta1/projects/tendering-platform-smart had HTTP Error: 403, Firebase Management API has not been used in project 457924581846 before or it is disabled. Enable it by visiting https://console.developers.google.com/apis/api/firebase.googleapis.com/overview?project=457924581846 then retry. If you enabled this API recently, wait a few minutes for the action to propagate to our systems and retry.
    at responseToError (C:\Users\PC\AppData\Local\npm-cache\_npx\7750544ccf494d8b\node_modules\firebase-tools\lib\responseToError.js:53:12)
    at RetryOperation._fn (C:\Users\PC\AppData\Local\npm-cache\_npx\7750544ccf494d8b\node_modules\firebase-tools\lib\apiv2.js:333:77)
    at process.processTicksAndRejections (node:internal/process/task_queues:105:5)
[error] 
[error] Error: Failed to get Firebase project tendering-platform-smart. Please make sure the project exists and your account has permission to access it.
[debug] [2026-03-15T05:14:34.848Z] ----------------------------------------------------------------------
[debug] [2026-03-15T05:14:34.854Z] Command:       C:\nvm4w\nodejs\node.exe C:\Users\PC\AppData\Local\npm-cache\_npx\7750544ccf494d8b\node_modules\firebase-tools\lib\bin\firebase.js deploy
[debug] [2026-03-15T05:14:34.855Z] CLI Version:   15.10.0
[debug] [2026-03-15T05:14:34.855Z] Platform:      win32
[debug] [2026-03-15T05:14:34.855Z] Node Version:  v22.13.1
[debug] [2026-03-15T05:14:34.856Z] Time:          Sun Mar 15 2026 07:14:34 GMT+0200 (توقيت شرق أوروبا الرسمي)
[debug] [2026-03-15T05:14:34.856Z] ----------------------------------------------------------------------
[debug] 
[debug] [2026-03-15T05:15:14.481Z] > command requires scopes: ["email","openid","https://www.googleapis.com/auth/cloudplatformprojects.readonly","https://www.googleapis.com/auth/firebase","https://www.googleapis.com/auth/cloud-platform"]
[debug] [2026-03-15T05:15:14.857Z] Running auto auth
[debug] [2026-03-15T05:15:14.858Z] [iam] checking project tendering-platform-smart for permissions ["firebase.projects.get","firebasehosting.sites.update"]
[debug] [2026-03-15T05:15:14.860Z] No OAuth tokens found
[debug] [2026-03-15T05:15:14.862Z] >>> [apiv2][query] POST https://cloudresourcemanager.googleapis.com/v1/projects/tendering-platform-smart:testIamPermissions [none]
[debug] [2026-03-15T05:15:14.862Z] >>> [apiv2][(partial)header] POST https://cloudresourcemanager.googleapis.com/v1/projects/tendering-platform-smart:testIamPermissions  x-goog-user-project=tendering-platform-smart
[debug] [2026-03-15T05:15:14.862Z] >>> [apiv2][body] POST https://cloudresourcemanager.googleapis.com/v1/projects/tendering-platform-smart:testIamPermissions {"permissions":["firebase.projects.get","firebasehosting.sites.update"]}
[debug] [2026-03-15T05:15:15.708Z] <<< [apiv2][status] POST https://cloudresourcemanager.googleapis.com/v1/projects/tendering-platform-smart:testIamPermissions 403
[debug] [2026-03-15T05:15:15.708Z] <<< [apiv2][body] POST https://cloudresourcemanager.googleapis.com/v1/projects/tendering-platform-smart:testIamPermissions {"error":{"code":403,"message":"Caller does not have required permission to use project tendering-platform-smart. Grant the caller the roles/serviceusage.serviceUsageConsumer role, or a custom role with the serviceusage.services.use permission, by visiting https://console.developers.google.com/iam-admin/iam?project=tendering-platform-smart and then retry. Propagation of the new permission may take a few minutes.","status":"PERMISSION_DENIED","details":[{"@type":"type.googleapis.com/google.rpc.ErrorInfo","reason":"USER_PROJECT_DENIED","domain":"googleapis.com","metadata":{"consoleUrl":"https://console.developers.google.com/iam-admin/iam?project=tendering-platform-smart","containerInfo":"tendering-platform-smart","service":"cloudresourcemanager.googleapis.com","consumer":"projects/tendering-platform-smart"}},{"@type":"type.googleapis.com/google.rpc.LocalizedMessage","locale":"en-US","message":"Caller does not have required permission to use project tendering-platform-smart. Grant the caller the roles/serviceusage.serviceUsageConsumer role, or a custom role with the serviceusage.services.use permission, by visiting https://console.developers.google.com/iam-admin/iam?project=tendering-platform-smart and then retry. Propagation of the new permission may take a few minutes."},{"@type":"type.googleapis.com/google.rpc.Help","links":[{"description":"Google developer console IAM admin","url":"https://console.developers.google.com/iam-admin/iam?project=tendering-platform-smart"}]}]}}
[debug] [2026-03-15T05:15:15.710Z] [iam] error while checking permissions, command may fail: Request to https://cloudresourcemanager.googleapis.com/v1/projects/tendering-platform-smart:testIamPermissions had HTTP Error: 403, Caller does not have required permission to use project tendering-platform-smart. Grant the caller the roles/serviceusage.serviceUsageConsumer role, or a custom role with the serviceusage.services.use permission, by visiting https://console.developers.google.com/iam-admin/iam?project=tendering-platform-smart and then retry. Propagation of the new permission may take a few minutes.
[debug] [2026-03-15T05:15:15.711Z] No OAuth tokens found
[debug] [2026-03-15T05:15:15.711Z] >>> [apiv2][query] GET https://firebase.googleapis.com/v1beta1/projects/tendering-platform-smart [none]
[debug] [2026-03-15T05:15:15.929Z] <<< [apiv2][status] GET https://firebase.googleapis.com/v1beta1/projects/tendering-platform-smart 403
[debug] [2026-03-15T05:15:15.929Z] <<< [apiv2][body] GET https://firebase.googleapis.com/v1beta1/projects/tendering-platform-smart {"error":{"code":403,"message":"Firebase Management API has not been used in project 457924581846 before or it is disabled. Enable it by visiting https://console.developers.google.com/apis/api/firebase.googleapis.com/overview?project=457924581846 then retry. If you enabled this API recently, wait a few minutes for the action to propagate to our systems and retry.","status":"PERMISSION_DENIED","details":[{"@type":"type.googleapis.com/google.rpc.ErrorInfo","reason":"SERVICE_DISABLED","domain":"googleapis.com","metadata":{"serviceTitle":"Firebase Management API","service":"firebase.googleapis.com","containerInfo":"457924581846","activationUrl":"https://console.developers.google.com/apis/api/firebase.googleapis.com/overview?project=457924581846","consumer":"projects/457924581846"}},{"@type":"type.googleapis.com/google.rpc.LocalizedMessage","locale":"en-US","message":"Firebase Management API has not been used in project 457924581846 before or it is disabled. Enable it by visiting https://console.developers.google.com/apis/api/firebase.googleapis.com/overview?project=457924581846 then retry. If you enabled this API recently, wait a few minutes for the action to propagate to our systems and retry."},{"@type":"type.googleapis.com/google.rpc.Help","links":[{"description":"Google developers console API activation","url":"https://console.developers.google.com/apis/api/firebase.googleapis.com/overview?project=457924581846"}]}]}}
[debug] [2026-03-15T05:15:15.930Z] Request to https://firebase.googleapis.com/v1beta1/projects/tendering-platform-smart had HTTP Error: 403, Firebase Management API has not been used in project 457924581846 before or it is disabled. Enable it by visiting https://console.developers.google.com/apis/api/firebase.googleapis.com/overview?project=457924581846 then retry. If you enabled this API recently, wait a few minutes for the action to propagate to our systems and retry.
[debug] [2026-03-15T05:15:15.931Z] FirebaseError: Request to https://firebase.googleapis.com/v1beta1/projects/tendering-platform-smart had HTTP Error: 403, Firebase Management API has not been used in project 457924581846 before or it is disabled. Enable it by visiting https://console.developers.google.com/apis/api/firebase.googleapis.com/overview?project=457924581846 then retry. If you enabled this API recently, wait a few minutes for the action to propagate to our systems and retry.
    at responseToError (C:\Users\PC\AppData\Local\npm-cache\_npx\7750544ccf494d8b\node_modules\firebase-tools\lib\responseToError.js:53:12)
    at RetryOperation._fn (C:\Users\PC\AppData\Local\npm-cache\_npx\7750544ccf494d8b\node_modules\firebase-tools\lib\apiv2.js:333:77)
    at process.processTicksAndRejections (node:internal/process/task_queues:105:5)
[error] 
[error] Error: Failed to get Firebase project tendering-platform-smart. Please make sure the project exists and your account has permission to access it.
